<?xml version="1.0" encoding="UTF-8"?>
<!-- Generated by org.testng.reporters.JUnitReportReporter -->
<testsuite skipped="0" hostname="BLT1205" name="GradleDemo.GoogleGradleDemo" tests="1" failures="0" timestamp="20 Feb 2020 06:06:55 GMT" time="122.176" errors="0">
  <testcase name="Login" time="122.176" classname="GradleDemo.GoogleGradleDemo"/>
</testsuite> <!-- GradleDemo.GoogleGradleDemo -->
